<?xml version="1.0" encoding="UTF-8"?>
<!-- Generated by org.testng.reporters.JUnitReportReporter -->
<testsuite hostname="vinodhpc" failures="0" tests="12" name="com.testcode.DataDrivenTestExcel" time="0.016" errors="0" timestamp="2025-06-12T08:27:18 IST" skipped="0">
  <testcase classname="com.testcode.DataDrivenTestExcel" name="testDivision" time="0.001"/>
  <testcase classname="com.testcode.DataDrivenTestExcel" name="testSubtraction" time="0.001"/>
  <testcase classname="com.testcode.DataDrivenTestExcel" name="testAddition" time="0.001"/>
  <testcase classname="com.testcode.DataDrivenTestExcel" name="testMultiplication" time="0.001"/>
  <testcase classname="com.testcode.DataDrivenTestExcel" name="testDivision" time="0.001"/>
  <testcase classname="com.testcode.DataDrivenTestExcel" name="testSubtraction" time="0.001"/>
  <testcase classname="com.testcode.DataDrivenTestExcel" name="testAddition" time="0.001"/>
  <testcase classname="com.testcode.DataDrivenTestExcel" name="testAddition" time="0.002"/>
  <testcase classname="com.testcode.DataDrivenTestExcel" name="testDivision" time="0.001"/>
  <testcase classname="com.testcode.DataDrivenTestExcel" name="testMultiplication" time="0.003"/>
  <testcase classname="com.testcode.DataDrivenTestExcel" name="testMultiplication" time="0.001"/>
  <testcase classname="com.testcode.DataDrivenTestExcel" name="testSubtraction" time="0.002"/>
</testsuite> <!-- com.testcode.DataDrivenTestExcel -->
