<?xml version="1.0" encoding="UTF-8"?>
<!-- Generated by org.testng.reporters.JUnitReportReporter -->
<testsuite hostname="vinodhpc" failures="0" tests="5" name="com.testcode.MathTest" time="0.012" errors="0" timestamp="2025-07-18T03:49:53 IST" skipped="0">
  <testcase classname="com.testcode.MathTest" name="testSubtract" time="0.001"/>
  <testcase classname="com.testcode.MathTest" name="testDivide" time="0.000"/>
  <testcase classname="com.testcode.MathTest" name="testMultiply" time="0.001"/>
  <testcase classname="com.testcode.MathTest" name="testDivideByZero" time="0.001"/>
  <testcase classname="com.testcode.MathTest" name="testAdd" time="0.009"/>
</testsuite> <!-- com.testcode.MathTest -->
